<?xml version="1.0" encoding="utf-8"?><testsuites name="pytest tests"><testsuite name="pytest" errors="0" failures="0" skipped="1" tests="25" time="3.832" timestamp="2026-09-14T18:40:00.936921+04:00" hostname="MSI"><testcase classname="tests.unit.identity.test_identity_unit.IdentityUnitTests" name="test_merge_collision_requires_choice_and_is_idempotent" time="0.022" /><testcase classname="tests.unit.identity.test_identity_unit.IdentityUnitTests" name="test_policy_denies_cross_tenant_and_expired_support" time="0.001" /><testcase classname="tests.unit.identity.test_identity_unit.IdentityUnitTests" name="test_provider_subject_and_device_are_unique" time="0.001" /><testcase classname="tests.property.identity.test_identity_property.IdentityPropertyTests" name="test_every_profile_lookup_requires_the_trusted_game_scope" time="0.001" /><testcase classname="tests.property.identity.test_identity_property.IdentityPropertyTests" name="test_state_version_is_never_implicitly_shared_across_profiles" time="0.001" /><testcase classname="tests.contract.identity.test_identity_contract.IdentityContractTests" name="test_event_schema_rejects_unknown_fields" time="0.002" /><testcase classname="tests.contract.identity.test_identity_contract.IdentityContractTests" name="test_openapi_is_31_and_has_merge_operations" time="0.001" /><testcase classname="tests.integration.identity.test_identity_integration.IdentityIntegrationTests" name="test_turnstile_siteverify_boundary_rejects_replay" time="0.909" /><testcase classname="tests.integration.identity.test_identity_integration.IdentityIntegrationTests" name="test_unknown_kid_forces_refresh_and_real_rsa_verification" time="0.755" /><testcase classname="tests.integration.identity.test_identity_integration.IdentityIntegrationTests" name="test_wrong_issuer_and_algorithm_confusion_are_rejected" time="0.039" /><testcase classname="tests.e2e.identity.test_identity_e2e.IdentityE2ETests" name="test_guest_lifecycle_through_deployed_api_boundary" time="0.002"><skipped type="pytest.skip" message="deployed API E2E prerequisites are unavailable">C:\Users\smikl\Desktop\Work\LenGeas\tests\e2e\identity\test_identity_e2e.py:10: deployed API E2E prerequisites are unavailable</skipped></testcase><testcase classname="tests.security.identity.test_identity_security.IdentitySecurityTests" name="test_concurrent_guest_proof_is_consumed_once" time="0.003" /><testcase classname="tests.security.identity.test_identity_security.IdentitySecurityTests" name="test_default_turnstile_fails_closed" time="0.053" /><testcase classname="tests.security.identity.test_identity_security.IdentitySecurityTests" name="test_expired_support_grant_and_mfa_bypass_are_denied" time="0.001" /><testcase classname="tests.security.identity.test_identity_security.IdentitySecurityTests" name="test_forged_tenant_scope_is_denied" time="0.001" /><testcase classname="tests.security.identity.test_identity_security.IdentitySecurityTests" name="test_identity_link_uses_mapped_player_and_provider_control" time="0.058" /><testcase classname="tests.security.identity.test_identity_security.IdentitySecurityTests" name="test_merge_idempotency_binds_payload" time="0.002" /><testcase classname="tests.security.identity.test_identity_security.IdentitySecurityTests" name="test_merge_requires_owner_and_both_guest_proofs" time="0.046" /><testcase classname="tests.security.identity.test_identity_security.IdentitySecurityTests" name="test_nested_event_payload_is_redacted" time="0.001" /><testcase classname="tests.security.identity.test_identity_security.IdentitySecurityTests" name="test_privacy_tombstone_removes_pii_and_blocks_mapping" time="0.002" /><testcase classname="tests.security.identity.test_identity_security.IdentitySecurityTests" name="test_protected_route_rejects_forged_headers" time="0.046" /><testcase classname="tests.security.identity.test_identity_security.IdentitySecurityTests" name="test_recovery_replaces_device_key_and_credential" time="0.003" /><testcase classname="tests.security.identity.test_identity_security.IdentitySecurityTests" name="test_service_revocation_emits_tenant_bound_event" time="0.001" /><testcase classname="tests.security.identity.test_identity_security.IdentitySecurityTests" name="test_session_revocation_is_visible_to_a_second_api_worker" time="0.093" /><testcase classname="tests.security.identity.test_identity_security.IdentitySecurityTests" name="test_session_revocation_rejects_the_same_jwt" time="0.054" /></testsuite></testsuites>