<?xml version="1.0" encoding="UTF-8"?>
<testsuite name="phase-01" tests="9" failures="0" errors="0" skipped="0">
  <testcase classname="unit" name="fixture_unit_platform"/>
  <testcase classname="property" name="fixture_property_invariants"/>
  <testcase classname="contract" name="fixture_contract_schema"/>
  <testcase classname="security" name="fixture_security_boundaries"/>
  <testcase classname="performance" name="fixture_performance_bounds"/>
  <testcase classname="determinism" name="fixture_determinism_replay"/>
  <testcase classname="disaster-recovery" name="fixture_disaster_recovery"/>
  <testcase classname="integration" name="docker_local_stack"/>
  <testcase classname="e2e" name="synthetic_endpoint"/>
  <system-out>Integration passed on the authorized AWS Compose host and GitHub-hosted Ubuntu runner. E2E passed server-locally, against https://games.lengrowth.com, and on the GitHub-hosted Ubuntu runner. Docker remains intentionally unavailable on the Windows workstation.</system-out>
</testsuite>
